[debug] [2022-11-26T06:12:35.463Z] ----------------------------------------------------------------------
[debug] [2022-11-26T06:12:35.467Z] Command:       C:\Program Files\nodejs\node.exe C:\Users\mdgal\AppData\Roaming\npm\node_modules\firebase-tools\lib\bin\firebase.js init
[debug] [2022-11-26T06:12:35.468Z] CLI Version:   11.16.1
[debug] [2022-11-26T06:12:35.468Z] Platform:      win32
[debug] [2022-11-26T06:12:35.468Z] Node Version:  v18.3.0
[debug] [2022-11-26T06:12:35.469Z] Time:          Sat Nov 26 2022 12:12:35 GMT+0600 (Bangladesh Standard Time)
[debug] [2022-11-26T06:12:35.470Z] ----------------------------------------------------------------------
[debug] 
[debug] [2022-11-26T06:12:35.474Z] >>> [apiv2][query] GET https://firebase-public.firebaseio.com/cli.json [none]
[debug] [2022-11-26T06:12:35.552Z] > command requires scopes: ["email","openid","https://www.googleapis.com/auth/cloudplatformprojects.readonly","https://www.googleapis.com/auth/firebase","https://www.googleapis.com/auth/cloud-platform"]
[debug] [2022-11-26T06:12:35.552Z] > authorizing via signed-in user (mdgalib23@gmail.com)
[info] 
     ######## #### ########  ######## ########     ###     ######  ########
     ##        ##  ##     ## ##       ##     ##  ##   ##  ##       ##
     ######    ##  ########  ######   ########  #########  ######  ######
     ##        ##  ##    ##  ##       ##     ## ##     ##       ## ##
     ##       #### ##     ## ######## ########  ##     ##  ######  ########

You're about to initialize a Firebase project in this directory:

  C:\projects\b612-used-products-resale-clients-side-mdgalibhossain1

Before we get started, keep in mind:

  * You are currently outside your home directory

[debug] [2022-11-26T06:12:36.257Z] <<< [apiv2][status] GET https://firebase-public.firebaseio.com/cli.json 200
[debug] [2022-11-26T06:12:36.257Z] <<< [apiv2][body] GET https://firebase-public.firebaseio.com/cli.json {"cloudBuildErrorAfter":1594252800000,"cloudBuildWarnAfter":1590019200000,"defaultNode10After":1594252800000,"minVersion":"3.0.5","node8DeploysDisabledAfter":1613390400000,"node8RuntimeDisabledAfter":1615809600000,"node8WarnAfter":1600128000000}
